================================================================================
|                              TheoDORE 3.0_alpha                              |
|         Theoretical Density, Orbital Relaxation and Exciton analysis         |
|                                                                              |
|                            Author: Felix Plasser                             |
|             Contributions by: L. Stojanovic, G. Hermann, S. Mai,             |
|                          M.F.S.J. Menger, P. Kimber                          |
--------------------------------------------------------------------------------
|                       References for the modules used                        |
|        (see also http://theodore-qc.sourceforge.net/literature.html)         |
|                                                                              |
|   Transition density matrix analysis:                                        |
|     F. Plasser and H. Lischka                                                |
|     J. Chem. Theory Comput. (2012), 8, 2777.                                 |
|                                                                              |
|   Transition and difference density matrix analysis:                         |
|     F. Plasser, M. Wormit, A. Dreuw                                          |
|     J. Chem. Phys. (2014), 141, 024106.                                      |
|                                                                              |
|   Program citation:                                                          |
|     F. Plasser, J. Chem. Phys. (2020), 152, 084108.                          |
--------------------------------------------------------------------------------
|                        State density matrix analysis                         |
================================================================================

Finished parsing orca.molden.input

MO file orca.molden.input parsed.
Number of atoms: 8
Number of MOs read in: 76
Dimension: 76,76,...,76
Number of basis functions parsed:  76
 ... inverting C

Reading file mrci.cidens ...
nroot: 8
 Analysing state 1a1
 Analysing state 2a1
 Analysing state 1a2
 Analysing state 2a2
 Analysing state 1b1
 Analysing state 2b1
 Analysing state 1b2
 Analysing state 2b2

Reading structure from mo_file orca.molden.input
Number of atoms: 8
Composition: C2 H4 O2 

NO analysis for 1a1
NO analysis for 2a1
NO analysis for 1a2
NO analysis for 2a2
NO analysis for 1b1
NO analysis for 2b1
NO analysis for 1b2
NO analysis for 2b2

Jmol input file no_jmol.spt and no.html written
   Run as: jmol -n no_jmol.spt
A/D analysis for 2a1
Computing A/D densities ...
A/D analysis for 1a2
Computing A/D densities ...
A/D analysis for 2a2
Computing A/D densities ...
A/D analysis for 1b1
Computing A/D densities ...
A/D analysis for 2b1
Computing A/D densities ...
A/D analysis for 1b2
Computing A/D densities ...
A/D analysis for 2b2
Computing A/D densities ...

Jmol input file ndo_jmol.spt and ndo.html written
   Run as: jmol -n ndo_jmol.spt
Computation of the bond order matrix ...
Computation of the bond order matrix ...
Computation of the bond order matrix ...
Computation of the bond order matrix ...
Computation of the bond order matrix ...
Computation of the bond order matrix ...
Computation of the bond order matrix ...
Computation of the bond order matrix ...

Mulliken populations
1a1
------------------------------------
  Atom     state        nu      nunl
------------------------------------
  C  1   5.81300   0.01187   0.00055
  C  2   5.81300   0.01187   0.00055
  O  3   8.22308   0.01166   0.00050
  O  4   8.22308   0.01166   0.00050
  H  5   0.98196   0.00037   0.00001
  H  6   0.98196   0.00037   0.00001
  H  7   0.98196   0.00037   0.00001
  H  8   0.98196   0.00037   0.00001
------------------------------------
        32.00000   0.04855   0.00213
------------------------------------

2a1
--------------------------------------------------------
  Atom     state        nu      nunl       det       att
--------------------------------------------------------
  C  1   6.25141   0.82992   0.83009   0.05795  -0.49636
  C  2   6.25141   0.82992   0.83009   0.05795  -0.49636
  O  3   8.00526   0.93874   0.93827   0.74452  -0.52671
  O  4   8.00526   0.93874   0.93827   0.74452  -0.52671
  H  5   0.87167   0.11588   0.11582   0.11925  -0.00896
  H  6   0.87167   0.11588   0.11582   0.11925  -0.00896
  H  7   0.87167   0.11588   0.11582   0.11925  -0.00896
  H  8   0.87167   0.11588   0.11582   0.11925  -0.00896
--------------------------------------------------------
        32.00000   4.00083   4.00000   2.08197  -2.08197
--------------------------------------------------------

1a2
--------------------------------------------------------
  Atom     state        nu      nunl       det       att
--------------------------------------------------------
  C  1   6.00040   0.38512   0.42534   0.04760  -0.23500
  C  2   6.00040   0.38512   0.42534   0.04760  -0.23500
  O  3   8.11708   0.54545   0.59592   0.39163  -0.28564
  O  4   8.11708   0.54545   0.59592   0.39163  -0.28564
  H  5   0.94126   0.05409   0.05940   0.05203  -0.01132
  H  6   0.94126   0.05409   0.05940   0.05203  -0.01132
  H  7   0.94126   0.05409   0.05940   0.05203  -0.01132
  H  8   0.94126   0.05409   0.05940   0.05203  -0.01132
--------------------------------------------------------
        32.00000   2.07751   2.28010   1.08657  -1.08657
--------------------------------------------------------

2a2
--------------------------------------------------------
  Atom     state        nu      nunl       det       att
--------------------------------------------------------
  C  1   5.93100   0.37654   0.42065   0.08708  -0.20508
  C  2   5.93100   0.37654   0.42065   0.08708  -0.20508
  O  3   8.12126   0.50187   0.54708   0.40096  -0.29914
  O  4   8.12126   0.50187   0.54708   0.40096  -0.29914
  H  5   0.97387   0.09206   0.09445   0.04908  -0.04099
  H  6   0.97387   0.09206   0.09445   0.04908  -0.04099
  H  7   0.97387   0.09206   0.09445   0.04908  -0.04099
  H  8   0.97387   0.09206   0.09445   0.04908  -0.04099
--------------------------------------------------------
        32.00000   2.12506   2.31324   1.17239  -1.17239
--------------------------------------------------------

1b1
--------------------------------------------------------
  Atom     state        nu      nunl       det       att
--------------------------------------------------------
  C  1   6.00107   0.38512   0.42657   0.04671  -0.23478
  C  2   6.00107   0.38512   0.42657   0.04671  -0.23478
  O  3   8.11717   0.54617   0.59824   0.39182  -0.28591
  O  4   8.11717   0.54617   0.59824   0.39182  -0.28591
  H  5   0.94088   0.05386   0.05936   0.05242  -0.01134
  H  6   0.94088   0.05386   0.05936   0.05242  -0.01134
  H  7   0.94088   0.05386   0.05936   0.05242  -0.01134
  H  8   0.94088   0.05386   0.05936   0.05242  -0.01134
--------------------------------------------------------
        32.00000   2.07804   2.28706   1.08673  -1.08673
--------------------------------------------------------

2b1
--------------------------------------------------------
  Atom     state        nu      nunl       det       att
--------------------------------------------------------
  C  1   5.93463   0.37911   0.42391   0.08680  -0.20843
  C  2   5.93463   0.37911   0.42391   0.08680  -0.20843
  O  3   8.12286   0.50372   0.54984   0.39915  -0.29893
  O  4   8.12286   0.50372   0.54984   0.39915  -0.29893
  H  5   0.97126   0.08847   0.09101   0.04930  -0.03859
  H  6   0.97126   0.08847   0.09101   0.04930  -0.03859
  H  7   0.97126   0.08847   0.09101   0.04930  -0.03859
  H  8   0.97126   0.08847   0.09101   0.04930  -0.03859
--------------------------------------------------------
        32.00000   2.11954   2.31156   1.16909  -1.16909
--------------------------------------------------------

1b2
--------------------------------------------------------
  Atom     state        nu      nunl       det       att
--------------------------------------------------------
  C  1   6.30868   0.56023   0.63325   0.09314  -0.58882
  C  2   6.30868   0.56023   0.63325   0.09314  -0.58882
  O  3   8.01693   0.82113   0.87519   0.57949  -0.37335
  O  4   8.01693   0.82113   0.87519   0.57949  -0.37335
  H  5   0.83719   0.16717   0.17062   0.15634  -0.01157
  H  6   0.83719   0.16717   0.17062   0.15634  -0.01157
  H  7   0.83719   0.16717   0.17062   0.15634  -0.01157
  H  8   0.83719   0.16717   0.17062   0.15634  -0.01157
--------------------------------------------------------
        32.00000   3.43141   3.69934   1.97060  -1.97060
--------------------------------------------------------

2b2
--------------------------------------------------------
  Atom     state        nu      nunl       det       att
--------------------------------------------------------
  C  1   5.91387   0.47306   0.52279   0.12177  -0.22265
  C  2   5.91387   0.47306   0.52279   0.12177  -0.22265
  O  3   8.15410   0.52852   0.57557   0.39619  -0.32722
  O  4   8.15410   0.52852   0.57557   0.39619  -0.32722
  H  5   0.96601   0.01696   0.01736   0.02467  -0.00872
  H  6   0.96601   0.01696   0.01736   0.02467  -0.00872
  H  7   0.96601   0.01696   0.01736   0.02467  -0.00872
  H  8   0.96601   0.01696   0.01736   0.02467  -0.00872
--------------------------------------------------------
        32.00000   2.07099   2.26617   1.13463  -1.13463
--------------------------------------------------------


Valence information
 Total valence (V_A)
 Free valence (F_A)
1a1
--------------------------
  Atom       V_A       F_A
--------------------------
  C  1   3.99104   0.02359
  C  2   3.99104   0.02359
  O  3   2.18497   0.02320
  O  4   2.18497   0.02320
  H  5   0.95558   0.00074
  H  6   0.95558   0.00074
  H  7   0.95558   0.00074
  H  8   0.95558   0.00074
--------------------------
        16.17436   0.09655
--------------------------

2a1
--------------------------
  Atom       V_A       F_A
--------------------------
  C  1   3.96093   0.83127
  C  2   3.96093   0.83127
  O  3   2.32284   0.94014
  O  4   2.32284   0.94014
  H  5   0.97979   0.11603
  H  6   0.97979   0.11603
  H  7   0.97979   0.11603
  H  8   0.97979   0.11603
--------------------------
        16.48671   4.00691
--------------------------

1a2
--------------------------
  Atom       V_A       F_A
--------------------------
  C  1   4.04439   0.56545
  C  2   4.04439   0.56545
  O  3   2.45039   0.80947
  O  4   2.45039   0.80947
  H  5   0.97254   0.08028
  H  6   0.97254   0.08028
  H  7   0.97254   0.08028
  H  8   0.97254   0.08028
--------------------------
        16.87974   3.07098
--------------------------

2a2
--------------------------
  Atom       V_A       F_A
--------------------------
  C  1   4.00325   0.55589
  C  2   4.00325   0.55589
  O  3   2.44445   0.75232
  O  4   2.44445   0.75232
  H  5   0.99600   0.14078
  H  6   0.99600   0.14078
  H  7   0.99600   0.14078
  H  8   0.99600   0.14078
--------------------------
        16.87941   3.17955
--------------------------

1b1
--------------------------
  Atom       V_A       F_A
--------------------------
  C  1   4.04445   0.56770
  C  2   4.04445   0.56770
  O  3   2.45033   0.81358
  O  4   2.45033   0.81358
  H  5   0.97249   0.08018
  H  6   0.97249   0.08018
  H  7   0.97249   0.08018
  H  8   0.97249   0.08018
--------------------------
        16.87951   3.08328
--------------------------

2b1
--------------------------
  Atom       V_A       F_A
--------------------------
  C  1   4.00937   0.56046
  C  2   4.00937   0.56046
  O  3   2.44263   0.75595
  O  4   2.44263   0.75595
  H  5   0.99276   0.13544
  H  6   0.99276   0.13544
  H  7   0.99276   0.13544
  H  8   0.99276   0.13544
--------------------------
        16.87506   3.17456
--------------------------

1b2
--------------------------
  Atom       V_A       F_A
--------------------------
  C  1   3.89953   0.70888
  C  2   3.89953   0.70888
  O  3   2.44971   0.93109
  O  4   2.44971   0.93109
  H  5   0.96758   0.18203
  H  6   0.96758   0.18203
  H  7   0.96758   0.18203
  H  8   0.96758   0.18203
--------------------------
        16.56881   4.00808
--------------------------

2b2
--------------------------
  Atom       V_A       F_A
--------------------------
  C  1   4.02262   0.69653
  C  2   4.02262   0.69653
  O  3   2.31659   0.78633
  O  4   2.31659   0.78633
  H  5   0.96742   0.02576
  H  6   0.96742   0.02576
  H  7   0.96742   0.02576
  H  8   0.96742   0.02576
--------------------------
        16.54809   3.06874
--------------------------


Bond order information
 <at1>-<at2> : <bond order>
1a1
  1=3  : 2.0955
  1-5  : 0.9322
  1-7  : 0.9322
  2=4  : 2.0955
  2-6  : 0.9322
  2-8  : 0.9322
2a1
  1-3  : 1.3756
  1-5  : 0.8751
  1-7  : 0.8751
  2-4  : 1.3756
  2-6  : 0.8751
  2-8  : 0.8751
1a2
  1=3  : 1.6400
  1-5  : 0.9106
  1-7  : 0.9106
  2=4  : 1.6400
  2-6  : 0.9106
  2-8  : 0.9106
2a2
  1=3  : 1.6776
  1-5  : 0.8730
  1-7  : 0.8730
  2=4  : 1.6776
  2-6  : 0.8730
  2-8  : 0.8730
1b1
  1=3  : 1.6380
  1-5  : 0.9116
  1-7  : 0.9116
  2=4  : 1.6380
  2-6  : 0.9116
  2-8  : 0.9116
2b1
  1=3  : 1.6762
  1-5  : 0.8749
  1-7  : 0.8749
  2=4  : 1.6762
  2-6  : 0.8749
  2-8  : 0.8749
1b2
  1=3  : 1.5093
  1-5  : 0.8044
  1-7  : 0.8044
  2=4  : 1.5093
  2-6  : 0.8044
  2-8  : 0.8044
2b2
  1-3  : 1.4678
  1-5  : 0.9192
  1-7  : 0.9192
  2-4  : 1.4678
  2-6  : 0.9192
  2-8  : 0.9192

state          dE(eV)       f        nu      nunl        y0        y1       eta         p
------------------------------------------------------------------------------------------
1a1         0.000000         -  0.048547  0.002133  0.013362  0.010683         -         -
2a1         3.353319         -  4.000833  4.000004  1.000322  1.000053  2.014505  2.081966
1a2         3.718470         -  2.077507  2.280101  0.629943  0.407329  1.019755  1.086568
1b1         3.735331         -  2.078042  2.287063  0.615495  0.422123  1.020152  1.086731
2b1         7.271674         -  2.119538  2.311555  0.579333  0.456627  1.057609  1.169088
2a2         7.271963         -  2.125056  2.313239  0.587231  0.449072  1.061306  1.172390
1b2         8.171314         -  3.431406  3.699338  1.025219  0.707587  1.941098  1.970596
2b2         8.890074         -  2.070989  2.266170  0.627301  0.405628  1.025253  1.134633

Final output copied to sden_summ.txt
CPU time:  2.3 s, wall time: 1.1 s
