================================================================================
|                              TheoDORE 3.0_alpha                              |
|         Theoretical Density, Orbital Relaxation and Exciton analysis         |
|                                                                              |
|                            Author: Felix Plasser                             |
|             Contributions by: L. Stojanovic, G. Hermann, S. Mai,             |
|                          M.F.S.J. Menger, P. Kimber                          |
--------------------------------------------------------------------------------
|                       References for the modules used                        |
|        (see also http://theodore-qc.sourceforge.net/literature.html)         |
|                                                                              |
|   Transition density matrix analysis:                                        |
|     F. Plasser and H. Lischka                                                |
|     J. Chem. Theory Comput. (2012), 8, 2777.                                 |
|                                                                              |
|   Transition and difference density matrix analysis:                         |
|     F. Plasser, M. Wormit, A. Dreuw                                          |
|     J. Chem. Phys. (2014), 141, 024106.                                      |
|                                                                              |
|   Program citation:                                                          |
|     F. Plasser, J. Chem. Phys. (2020), 152, 084108.                          |
--------------------------------------------------------------------------------
|                        State density matrix analysis                         |
================================================================================

Finished parsing qchem.mld

MO file qchem.mld parsed.
Number of atoms: 10
Number of MOs read in: 95
Dimension: 95,95,...,95
Number of basis functions parsed:  95
 ... inverting C
Finished parsing NOs/mp2_gs_no.mo

MO file NOs/mp2_gs_no.mo parsed.
Number of atoms: 10
Number of MOs read in: 36
Dimension: 95,95,...,95
Number of basis functions parsed:  95
MO-matrix not square: 95 x 36
  Using the Moore-Penrose pseudo inverse.
Finished parsing NOs/triplet_0_1_no.mo

MO file NOs/triplet_0_1_no.mo parsed.
Number of atoms: 10
Number of MOs read in: 36
Dimension: 95,95,...,95
Number of basis functions parsed:  95
MO-matrix not square: 95 x 36
  Using the Moore-Penrose pseudo inverse.
Finished parsing NOs/singlet_0_1_no.mo

MO file NOs/singlet_0_1_no.mo parsed.
Number of atoms: 10
Number of MOs read in: 36
Dimension: 95,95,...,95
Number of basis functions parsed:  95
MO-matrix not square: 95 x 36
  Using the Moore-Penrose pseudo inverse.
Finished parsing NOs/triplet_1_1_no.mo

MO file NOs/triplet_1_1_no.mo parsed.
Number of atoms: 10
Number of MOs read in: 36
Dimension: 95,95,...,95
Number of basis functions parsed:  95
MO-matrix not square: 95 x 36
  Using the Moore-Penrose pseudo inverse.
Finished parsing NOs/singlet_1_1_no.mo

MO file NOs/singlet_1_1_no.mo parsed.
Number of atoms: 10
Number of MOs read in: 36
Dimension: 95,95,...,95
Number of basis functions parsed:  95
MO-matrix not square: 95 x 36
  Using the Moore-Penrose pseudo inverse.
Finished parsing NOs/singlet_2_1_no.mo

MO file NOs/singlet_2_1_no.mo parsed.
Number of atoms: 10
Number of MOs read in: 36
Dimension: 95,95,...,95
Number of basis functions parsed:  95
MO-matrix not square: 95 x 36
  Using the Moore-Penrose pseudo inverse.
Finished parsing NOs/triplet_3_1_no.mo

MO file NOs/triplet_3_1_no.mo parsed.
Number of atoms: 10
Number of MOs read in: 36
Dimension: 95,95,...,95
Number of basis functions parsed:  95
MO-matrix not square: 95 x 36
  Using the Moore-Penrose pseudo inverse.
Finished parsing NOs/triplet_1_2_no.mo

MO file NOs/triplet_1_2_no.mo parsed.
Number of atoms: 10
Number of MOs read in: 36
Dimension: 95,95,...,95
Number of basis functions parsed:  95
MO-matrix not square: 95 x 36
  Using the Moore-Penrose pseudo inverse.
Finished parsing NOs/singlet_1_2_no.mo

MO file NOs/singlet_1_2_no.mo parsed.
Number of atoms: 10
Number of MOs read in: 36
Dimension: 95,95,...,95
Number of basis functions parsed:  95
MO-matrix not square: 95 x 36
  Using the Moore-Penrose pseudo inverse.

Reading structure from mo_file qchem.mld
Number of atoms: 10
Composition: C4 H5 N 

A/D analysis for triplet_0_1_no
 WARNING: pA + pD = -0.01170600 != 0.
Computing A/D densities ...
A/D analysis for singlet_0_1_no
 WARNING: pA + pD = -0.01589200 != 0.
Computing A/D densities ...
A/D analysis for triplet_1_1_no
 WARNING: pA + pD = -0.00306700 != 0.
Computing A/D densities ...
A/D analysis for singlet_1_1_no
 WARNING: pA + pD = -0.00286900 != 0.
Computing A/D densities ...
A/D analysis for singlet_2_1_no
 WARNING: pA + pD = -0.01787800 != 0.
Computing A/D densities ...
A/D analysis for triplet_3_1_no
 WARNING: pA + pD = -0.00577500 != 0.
Computing A/D densities ...
A/D analysis for triplet_1_2_no
 WARNING: pA + pD = -0.00768400 != 0.
Computing A/D densities ...
A/D analysis for singlet_1_2_no
 WARNING: pA + pD = -0.00863100 != 0.
Computing A/D densities ...

Jmol input file ndo_jmol.spt and ndo.html written
   Run as: jmol -n ndo_jmol.spt

Mulliken populations
mp2_gs_no
------------------------------------
  Atom     state        nu      nunl
------------------------------------
  N  1   7.08213   0.16246   0.02417
  H  2   0.88458   0.02255   0.00244
  C  3   5.95127   0.15252   0.02509
  H  4   0.96350   0.02116   0.00221
  C  5   5.95127   0.15252   0.02509
  H  6   0.96350   0.02116   0.00221
  C  7   6.05913   0.15019   0.02337
  H  8   0.98484   0.02172   0.00228
  C  9   6.05913   0.15019   0.02337
  H 10   0.98484   0.02172   0.00228
------------------------------------
        35.88419   0.87619   0.13252
------------------------------------

triplet_0_1_no
--------------------------------------------------------
  Atom     state        nu      nunl       det       att
--------------------------------------------------------
  N  1   7.05679   0.41881   0.35605   0.14312  -0.11778
  H  2   0.88156   0.02677   0.00766   0.00585  -0.00283
  C  3   6.00256   0.51741   0.47895   0.18474  -0.23604
  H  4   0.96414   0.02590   0.00747   0.00517  -0.00580
  C  5   6.00256   0.51741   0.47895   0.18474  -0.23604
  H  6   0.96414   0.02590   0.00747   0.00517  -0.00580
  C  7   6.02341   0.57025   0.55343   0.25008  -0.21436
  H  8   0.97696   0.02596   0.00731   0.00979  -0.00190
  C  9   6.02341   0.57025   0.55343   0.25008  -0.21436
  H 10   0.97696   0.02596   0.00731   0.00979  -0.00190
--------------------------------------------------------
        35.87249   2.72462   2.45802   1.04852  -1.03681
--------------------------------------------------------

singlet_0_1_no
--------------------------------------------------------
  Atom     state        nu      nunl       det       att
--------------------------------------------------------
  N  1   7.06609   0.41841   0.34633   0.15813  -0.14209
  H  2   0.88095   0.02787   0.00803   0.00693  -0.00331
  C  3   6.00780   0.54766   0.51032   0.17878  -0.23531
  H  4   0.96454   0.02724   0.00836   0.00610  -0.00714
  C  5   6.00780   0.54766   0.51032   0.17878  -0.23531
  H  6   0.96454   0.02724   0.00836   0.00610  -0.00714
  C  7   6.01385   0.59090   0.57091   0.26757  -0.22228
  H  8   0.97444   0.02686   0.00767   0.01269  -0.00229
  C  9   6.01385   0.59090   0.57091   0.26757  -0.22228
  H 10   0.97444   0.02686   0.00767   0.01269  -0.00229
--------------------------------------------------------
        35.86830   2.83160   2.54889   1.09532  -1.07943
--------------------------------------------------------

triplet_1_1_no
--------------------------------------------------------
  Atom     state        nu      nunl       det       att
--------------------------------------------------------
  N  1   6.94959   0.14662   0.00543   0.16540  -0.03286
  H  2   1.42024   0.60989   0.60154   0.04823  -0.58389
  C  3   5.66233   0.44821   0.35032   0.39795  -0.10901
  H  4   1.09316   0.19996   0.18165   0.04114  -0.17080
  C  5   5.66233   0.44821   0.35032   0.39795  -0.10901
  H  6   1.09316   0.19996   0.18165   0.04114  -0.17080
  C  7   5.99190   0.28167   0.16205   0.15023  -0.08299
  H  8   1.00826   0.08001   0.05947   0.03339  -0.05680
  C  9   5.99190   0.28167   0.16205   0.15023  -0.08299
  H 10   1.00826   0.08001   0.05947   0.03339  -0.05680
--------------------------------------------------------
        35.88113   2.77621   2.11395   1.45902  -1.45595
--------------------------------------------------------

singlet_1_1_no
--------------------------------------------------------
  Atom     state        nu      nunl       det       att
--------------------------------------------------------
  N  1   6.93874   0.14400   0.00282   0.17620  -0.03281
  H  2   1.46499   0.65905   0.65068   0.04985  -0.63026
  C  3   5.66845   0.44535   0.34812   0.39900  -0.11618
  H  4   1.07170   0.18220   0.16353   0.04248  -0.15068
  C  5   5.66845   0.44535   0.34812   0.39900  -0.11618
  H  6   1.07170   0.18220   0.16353   0.04248  -0.15068
  C  7   5.99475   0.28055   0.16158   0.14903  -0.08465
  H  8   1.00390   0.07706   0.05658   0.03406  -0.05311
  C  9   5.99475   0.28055   0.16158   0.14903  -0.08465
  H 10   1.00390   0.07706   0.05658   0.03406  -0.05311
--------------------------------------------------------
        35.88132   2.77337   2.11311   1.47519  -1.47232
--------------------------------------------------------

singlet_2_1_no
--------------------------------------------------------
  Atom     state        nu      nunl       det       att
--------------------------------------------------------
  N  1   7.10308   0.40476   0.27529   0.10000  -0.12094
  H  2   0.89196   0.02819   0.00769   0.00485  -0.01223
  C  3   5.94716   0.71052   0.63765   0.35443  -0.35033
  H  4   0.95968   0.03043   0.00977   0.01055  -0.00674
  C  5   5.94716   0.71052   0.63765   0.35443  -0.35033
  H  6   0.95968   0.03043   0.00977   0.01055  -0.00674
  C  7   6.05110   0.38935   0.27686   0.12300  -0.11497
  H  8   0.97769   0.02453   0.00471   0.00960  -0.00245
  C  9   6.05110   0.38935   0.27686   0.12300  -0.11497
  H 10   0.97769   0.02453   0.00471   0.00960  -0.00245
--------------------------------------------------------
        35.86631   2.74259   2.14096   1.10002  -1.08214
--------------------------------------------------------

triplet_3_1_no
--------------------------------------------------------
  Atom     state        nu      nunl       det       att
--------------------------------------------------------
  N  1   6.69730   0.52384   0.40382   0.48359  -0.09875
  H  2   1.56608   0.78295   0.77941   0.05322  -0.73471
  C  3   5.88206   0.16572   0.03051   0.10842  -0.03921
  H  4   1.02841   0.11423   0.09416   0.02596  -0.09087
  C  5   5.88206   0.16572   0.03051   0.10842  -0.03921
  H  6   1.02841   0.11423   0.09416   0.02596  -0.09087
  C  7   5.90579   0.41078   0.30103   0.27198  -0.11864
  H  8   0.99127   0.07142   0.04994   0.04089  -0.04731
  C  9   5.90579   0.41078   0.30103   0.27198  -0.11864
  H 10   0.99127   0.07142   0.04994   0.04089  -0.04731
--------------------------------------------------------
        35.87842   2.83112   2.13450   1.43129  -1.42551
--------------------------------------------------------

triplet_1_2_no
--------------------------------------------------------
  Atom     state        nu      nunl       det       att
--------------------------------------------------------
  N  1   6.96672   0.13730  -0.00743   0.11481   0.00060
  H  2   1.20928   0.38594   0.37822   0.04337  -0.36807
  C  3   5.74168   0.53906   0.44137   0.39364  -0.18406
  H  4   1.08859   0.19436   0.17480   0.03947  -0.16456
  C  5   5.74168   0.53906   0.44137   0.39364  -0.18406
  H  6   1.08859   0.19436   0.17480   0.03947  -0.16456
  C  7   5.94763   0.25720   0.13622   0.16530  -0.05380
  H  8   1.07236   0.14850   0.12524   0.03170  -0.11921
  C  9   5.94763   0.25720   0.13622   0.16530  -0.05380
  H 10   1.07236   0.14850   0.12524   0.03170  -0.11921
--------------------------------------------------------
        35.87651   2.80151   2.12604   1.41841  -1.41072
--------------------------------------------------------

singlet_1_2_no
--------------------------------------------------------
  Atom     state        nu      nunl       det       att
--------------------------------------------------------
  N  1   6.98213   0.13884  -0.00546   0.10136  -0.00136
  H  2   1.17420   0.34863   0.33886   0.04315  -0.33277
  C  3   5.74003   0.51936   0.41947   0.37874  -0.16751
  H  4   1.05265   0.16879   0.14856   0.04252  -0.13167
  C  5   5.74003   0.51936   0.41947   0.37874  -0.16751
  H  6   1.05265   0.16879   0.14856   0.04252  -0.13167
  C  7   5.91284   0.23722   0.11474   0.18345  -0.03716
  H  8   1.15411   0.23483   0.21419   0.03157  -0.20083
  C  9   5.91284   0.23722   0.11474   0.18345  -0.03716
  H 10   1.15411   0.23483   0.21419   0.03157  -0.20083
--------------------------------------------------------
        35.87556   2.80786   2.12730   1.41708  -1.40845
--------------------------------------------------------


state       dE(eV)    f     nu   nunl     y0     y1    eta      p
------------------------------------------------------------------
mp2_gs_no   1.000      -  0.876  0.133  0.068  0.050      -      -
let_0_1_no  2.000      -  2.725  2.458  0.599  0.439  0.877  1.037
let_0_1_no  3.000      -  2.832  2.549  0.651  0.422  0.925  1.079
let_1_1_no  4.000      -  2.776  2.114  0.980  0.056  0.936  1.456
let_1_1_no  5.000      -  2.773  2.113  0.983  0.057  0.938  1.472
let_2_1_no  6.000      -  2.743  2.141  0.922  0.100  0.885  1.082
let_3_1_no  7.000      -  2.831  2.134  0.980  0.064  0.956  1.426
let_1_2_no  8.000      -  2.802  2.126  0.960  0.058  0.937  1.411
let_1_2_no  9.000      -  2.808  2.127  0.959  0.060  0.941  1.408

Final output copied to sden_summ.txt.nos
CPU time:  0.8 s, wall time: 0.9 s
