================================================================================
|                                 TheoDORE 2.2                                 |
|         Theoretical Density, Orbital Relaxation and Exciton analysis         |
|                                                                              |
|                            Author: Felix Plasser                             |
|             Contributions by: L. Stojanovic, G. Hermann, S. Mai,             |
|                          M.F.S.J. Menger, P. Kimber                          |
--------------------------------------------------------------------------------
|                       References for the modules used                        |
|        (see also http://theodore-qc.sourceforge.net/literature.html)         |
|                                                                              |
|   Transition density matrix analysis:                                        |
|     F. Plasser and H. Lischka                                                |
|     J. Chem. Theory Comput. (2012), 8, 2777.                                 |
|                                                                              |
|   Transition and difference density matrix analysis:                         |
|     F. Plasser, M. Wormit, A. Dreuw                                          |
|     J. Chem. Phys. (2014), 141, 024106.                                      |
|                                                                              |
|   Exciton analysis:                                                          |
|     S. A. Baeppler, F. Plasser, M. Wormit, A. Dreuw                          |
|     Phys. Rev. A (2014), 90, 052521.                                         |
|                                                                              |
|   Approximate RMSeh/dexc formula:                                            |
|     S. A. Mewes, J.-M. Mewes, A. Dreuw, F. Plasser                           |
|     Phys. Chem. Chem. Phys. (2016), 18, 2548.                                |
|                                                                              |
|   Program citation:                                                          |
|     F. Plasser, J. Chem. Phys. (2020), 152, 084108.                          |
--------------------------------------------------------------------------------
|                      Transition density matrix analysis                      |
================================================================================

WARNING: Using old mode of reading .om files
Reading: ./S_1_ctnum_atomic.om ...
 All values read in
Reading: ./S_2_ctnum_atomic.om ...
 All values read in
Reading: ./S_3_ctnum_atomic.om ...
 All values read in
Reading: ./S_4_ctnum_atomic.om ...
 All values read in
Reading: ./S_5_ctnum_atomic.om ...
 All values read in
Reading: ./S_6_ctnum_atomic.om ...
 All values read in
Parsing qchem.out.new for TDDFT Excitation Energies ...
Reading: S_1_ctnum_atomic.om ...
 All values read in
Reading: S_2_ctnum_atomic.om ...
 All values read in
Reading: S_3_ctnum_atomic.om ...
 All values read in
Reading: S_4_ctnum_atomic.om ...
 All values read in
Reading: S_5_ctnum_atomic.om ...
 All values read in
Reading: S_6_ctnum_atomic.om ...
 All values read in
Finished parsing file qchem.out.new

Reading structure from coor_file qchem.out.new
Number of atoms: 25
Composition: C9 H12 Ir N3 


*** Electron/hole population analysis ***

Decomposition over fragments
S_1
-------------------------------------------------------
       Fragment        h+        e-       sum      diff
-------------------------------------------------------
            Ir    0.56343   0.07874   0.64217   0.48469
       C3 H4 N    0.14903   0.30923   0.45827  -0.16020
       C3 H4 N    0.14772   0.30680   0.45451  -0.15908
       C3 H4 N    0.15180   0.31722   0.46902  -0.16542
-------------------------------------------------------
                  1.01198   1.01198   2.02397  -0.00000
-------------------------------------------------------

S_2
-------------------------------------------------------
       Fragment        h+        e-       sum      diff
-------------------------------------------------------
            Ir    0.56989   0.15191   0.72179   0.41798
       C3 H4 N    0.15703   0.29292   0.44995  -0.13588
       C3 H4 N    0.05359   0.06193   0.11552  -0.00834
       C3 H4 N    0.23201   0.50576   0.73777  -0.27376
-------------------------------------------------------
                  1.01252   1.01252   2.02503   0.00000
-------------------------------------------------------

S_3
-------------------------------------------------------
       Fragment        h+        e-       sum      diff
-------------------------------------------------------
            Ir    0.57011   0.15197   0.72208   0.41814
       C3 H4 N    0.13885   0.28257   0.42142  -0.14372
       C3 H4 N    0.24289   0.51601   0.75889  -0.27312
       C3 H4 N    0.06064   0.06194   0.12257  -0.00130
-------------------------------------------------------
                  1.01249   1.01249   2.02497   0.00000
-------------------------------------------------------

S_4
-------------------------------------------------------
       Fragment        h+        e-       sum      diff
-------------------------------------------------------
            Ir    0.64736   0.10790   0.75526   0.53946
       C3 H4 N    0.15204   0.42152   0.57356  -0.26948
       C3 H4 N    0.11335   0.40414   0.51749  -0.29079
       C3 H4 N    0.09147   0.07066   0.16213   0.02080
-------------------------------------------------------
                  1.00422   1.00422   2.00843  -0.00000
-------------------------------------------------------

S_5
-------------------------------------------------------
       Fragment        h+        e-       sum      diff
-------------------------------------------------------
            Ir    0.64720   0.10793   0.75512   0.53927
       C3 H4 N    0.08492   0.16419   0.24911  -0.07928
       C3 H4 N    0.12597   0.19699   0.32296  -0.07102
       C3 H4 N    0.14598   0.53495   0.68093  -0.38897
-------------------------------------------------------
                  1.00406   1.00406   2.00813   0.00000
-------------------------------------------------------

S_6
-------------------------------------------------------
       Fragment        h+        e-       sum      diff
-------------------------------------------------------
            Ir    0.64983   0.16576   0.81558   0.48407
       C3 H4 N    0.11887   0.29073   0.40960  -0.17185
       C3 H4 N    0.11693   0.27577   0.39270  -0.15884
       C3 H4 N    0.11845   0.27183   0.39028  -0.15338
-------------------------------------------------------
                  1.00408   1.00408   2.00816   0.00000
-------------------------------------------------------

File ehFrag.txt with information about e/h populations written.

state          dE(eV)       f        Om      POSi      POSf        PR        CT        MC        LC      MLCT      LMCT      LLCT     RMSeh      dexc
------------------------------------------------------------------------------------------------------------------------------------------------------
S_1         3.947800  0.030700  1.011984  1.889220  2.852287  3.058199  0.646006  0.043337  0.310657  0.513422  0.034467  0.098117  2.397504  2.871033
S_2         3.999400  0.035200  1.012516  1.948362  2.910157  2.653145  0.585625  0.098049  0.316326  0.464794  0.051979  0.068852  2.249310  2.738863
S_3         4.000000  0.035100  1.012485  1.796588  2.481897  2.633457  0.585818  0.098157  0.316025  0.464923  0.051941  0.068954  2.249639  2.739122
S_4         4.408400  0.040100  1.004215  1.650394  2.435727  2.497945  0.788440  0.075387  0.136173  0.569258  0.032057  0.187125  2.684538  3.139164
S_5         4.409700  0.040500  1.004064  1.771659  3.154281  2.474494  0.788754  0.075280  0.135966  0.569298  0.032209  0.187246  2.685303  3.139974
S_6         4.425600  0.008300  1.004081  1.705210  2.651011  3.010619  0.753471  0.112461  0.134068  0.534724  0.052623  0.166124  2.620972  3.101393

Final output copied to tden_summ_libwfa.txt
CPU time:  0.2 s, wall time: 0.9 s
