================================================================================
|                                TheoDORE 1.1.1                                |
|         Theoretical Density, Orbital Relaxation and Exciton analysis         |
|                                Felix Plasser                                 |
--------------------------------------------------------------------------------
|                                  References                                  |
|   Transition density matrix analysis:                                        |
|     F. Plasser and H. Lischka                                                |
|     J. Chem. Theo. Comp. (2012), 8, 2777.                                    |
|                                                                              |
|   Transition and difference density matrix analysis:                         |
|     F. Plasser, S. A. Baeppler, M. Wormit, A. Dreuw                          |
|     J. Chem. Phys. (2014), 141, 024106;                                      |
|     J. Chem. Phys. (2014), 141, 024107.                                      |
|                                                                              |
|   Exciton analysis:                                                          |
|     S. A. Baeppler, F. Plasser, M. Wormit, A. Dreuw                          |
|     Phys. Rev. A (2014), 90, 052521.                                         |
|                                                                              |
|   Program citation:                                                          |
|     F. Plasser "TheoDORE: a package for theoretical density, orbital         |
|     relaxation, and exciton analysis"; available from                        |
|     http://theodore-qc.sourceforge.net                                       |
--------------------------------------------------------------------------------
|                        State density matrix analysis                         |
================================================================================


MO file molcas.rasscf.molden parsed.
Number of atoms: 8
Number of MOs read in: 44
Dimension: 44,44,...,44
Number of basis functions parsed:  44
 ... inverting C
Reading TRD/TRD2_001_001 ...
(i,j)=(12,12), val= 1.894
(i,j)=(13,13), val= 1.888
(i,j)=(14,14), val= 1.999
(i,j)=(15,15), val= 1.999
Reading TRD/TRD2_002_002 ...
(i,j)=(12,12), val= 1.915
(i,j)=(13,13), val= 1.907
(i,j)=(14,14), val= 1.543
(i,j)=(15,15), val= 1.456
(i,j)=(16,16), val= 0.642
(i,j)=(17,17), val= 0.537
Reading TRD/TRD2_003_003 ...
(i,j)=(12,12), val= 1.914
(i,j)=(13,13), val= 1.907
(i,j)=(14,14), val= 1.463
(i,j)=(15,15), val= 1.537
(i,j)=(16,16), val= 0.636
(i,j)=(17,17), val= 0.543
A/D analysis for RASSI_2
Computing A/D densities ...
A/D analysis for RASSI_3
Computing A/D densities ...
Computation of the bond order matrix ...
Computation of the bond order matrix ...
Computation of the bond order matrix ...

Mulliken populations
RASSI_1
---------------
 Atom     state
---------------
    1   5.92413
    2   5.92413
    3   8.35389
    4   8.35389
    5   0.86099
    6   0.86099
    7   0.86099
    8   0.86099
---------------
       32.00000
---------------

RASSI_2
-----------------------------------
 Atom     state       det       att
-----------------------------------
    1   6.04465   0.03847  -0.15899
    2   6.04465   0.03847  -0.15899
    3   8.28628   0.45913  -0.39152
    4   8.28628   0.45913  -0.39152
    5   0.83454   0.02650  -0.00004
    6   0.83454   0.02650  -0.00004
    7   0.83454   0.02650  -0.00004
    8   0.83454   0.02650  -0.00004
-----------------------------------
       32.00000   1.10118  -1.10118
-----------------------------------

RASSI_3
-----------------------------------
 Atom     state       det       att
-----------------------------------
    1   6.04464   0.03847  -0.15898
    2   6.04464   0.03847  -0.15898
    3   8.28636   0.45914  -0.39162
    4   8.28636   0.45914  -0.39162
    5   0.83450   0.02653  -0.00004
    6   0.83450   0.02653  -0.00004
    7   0.83450   0.02653  -0.00004
    8   0.83450   0.02653  -0.00004
-----------------------------------
       32.00000   1.10135  -1.10135
-----------------------------------


Bond order/valence information
RASSI_1
-----------------------------------
 Atom       V_A       F_A       tBO
-----------------------------------
    1   3.67353   0.19139   3.48214
    2   3.67353   0.19139   3.48214
    3   1.85728   0.19063   1.66665
    4   1.85728   0.19063   1.66665
    5   0.93361   0.00012   0.93349
    6   0.93361   0.00012   0.93349
    7   0.93361   0.00012   0.93349
    8   0.93361   0.00012   0.93349
-----------------------------------
       14.79605   0.76452  14.03153
-----------------------------------

RASSI_2
-----------------------------------
 Atom       V_A       F_A       tBO
-----------------------------------
    1   3.67547   0.63615   3.03933
    2   3.67547   0.63614   3.03933
    3   2.20410   1.02303   1.18107
    4   2.20410   1.02303   1.18107
    5   0.93204   0.03981   0.89223
    6   0.93204   0.03981   0.89223
    7   0.93204   0.03981   0.89223
    8   0.93204   0.03981   0.89223
-----------------------------------
       15.48729   3.47760  12.00969
-----------------------------------

RASSI_3
-----------------------------------
 Atom       V_A       F_A       tBO
-----------------------------------
    1   3.67538   0.63672   3.03867
    2   3.67538   0.63672   3.03867
    3   2.20403   1.02373   1.18030
    4   2.20403   1.02373   1.18030
    5   0.93203   0.03987   0.89215
    6   0.93203   0.03987   0.89215
    7   0.93203   0.03987   0.89215
    8   0.93203   0.03987   0.89215
-----------------------------------
       15.48694   3.48038  12.00656
-----------------------------------


state       dE(eV)     f         p
----------------------------------
RASSI_1      0.000     -         -
RASSI_2      4.100     -  1.101184
RASSI_3      4.112     -  1.101353

Final output copied to sden_summ.txt.rassi
