================================================================================
|                              TheoDORE 3.0_alpha                              |
|         Theoretical Density, Orbital Relaxation and Exciton analysis         |
|                                                                              |
|                            Author: Felix Plasser                             |
|             Contributions by: L. Stojanovic, G. Hermann, S. Mai,             |
|                          M.F.S.J. Menger, P. Kimber                          |
--------------------------------------------------------------------------------
|                       References for the modules used                        |
|        (see also http://theodore-qc.sourceforge.net/literature.html)         |
|                                                                              |
|   Visualization of chemical shielding tensors (VIST):                        |
|     F. Plasser, F. Gloecklhofer                                              |
|     Eur. J. Org. Chem. (2021), DOI: 10.1002/ejoc.202100352.                  |
|                                                                              |
|   Program citation:                                                          |
|     F. Plasser, J. Chem. Phys. (2020), 152, 084108.                          |
--------------------------------------------------------------------------------
|                    Read NICS values and prepare VIST plot                    |
================================================================================


*** WARNING: Transforming complex eigenvectors of NICS tensor
      into a real representation
NICS Tensor
[[  4.8266   0.3555  -0.    ]
 [ -0.3555   4.8266   0.    ]
 [ -0.       0.     -10.9847]]
Eigenvalues
[  4.8266+0.3555j   4.8266-0.3555j -10.9847+0.j    ]
Eigenvectors
[[0.70710678+0.j         0.70710678-0.j         0.        +0.j        ]
 [0.        +0.70710678j 0.        -0.70710678j 0.        +0.j        ]
 [0.        +0.j         0.        -0.j         1.        +0.j        ]]
Real transformation matrix
[[1. 0. 0.]
 [0. 1. 0.]
 [0. 0. 1.]]
Transformed NICS tensor (should be block-diagonal
 with real parts of EVs in diagonal)
[[  4.8266   0.3555   0.    ]
 [ -0.3555   4.8266   0.    ]
 [  0.       0.     -10.9847]]
EVs:  [  4.8266   4.8266 -10.9847] = [  4.8266   4.8266 -10.9847]
Finished parsing neutral.log
 *** Printing NICS and eigenvalues ***
P0 -> NICS value at ( 0.00000,  0.00000,  0.00000):   0.44 = (  -4.83  -4.83 +10.98 )/3
P1 -> NICS value at ( 0.00000,  0.00000,  1.00000):   0.54 = (  -4.03  -3.46  +9.12 )/3
P2 -> NICS value at ( 0.00000,  0.00000, -1.00000):   0.54 = (  -3.46  -4.03  +9.12 )/3
P3 -> NICS value at ( 1.82088,  3.27089, -0.08171):  -6.44 = (  -9.28  -7.98  -2.07 )/3
P4 -> NICS value at ( 1.48839,  2.77411, -0.88337):  -7.59 = ( -20.62  -3.03  +0.86 )/3
P5 -> NICS value at ( 2.15338,  3.76766,  0.71995):  -9.75 = ( -24.17  -3.28  -1.80 )/3
P6 -> NICS value at ( 3.48236,  0.97613, -0.11121):   4.37 = (  25.94  -4.48  -8.33 )/3
P7 -> NICS value at (-3.48236, -0.97613, -0.11121):   4.38 = (  25.94  -4.48  -8.33 )/3
VMD input appended to simple.vmd

        Input file for VMD created. Now do the following:
        1. Open VMD and load coordinate file
        2.   File - Load Visualization State - simple.vmd
    
CPU time:  0.0 s, wall time: 0.0 s
