================================================================================
|                              TheoDORE 3.0_alpha                              |
|         Theoretical Density, Orbital Relaxation and Exciton analysis         |
|                                                                              |
|                            Author: Felix Plasser                             |
|             Contributions by: L. Stojanovic, G. Hermann, S. Mai,             |
|                          M.F.S.J. Menger, P. Kimber                          |
--------------------------------------------------------------------------------
|                       References for the modules used                        |
|        (see also http://theodore-qc.sourceforge.net/literature.html)         |
|                                                                              |
|   Visualization of chemical shielding tensors (VIST):                        |
|     F. Plasser, F. Gloecklhofer                                              |
|     Eur. J. Org. Chem. (2021), DOI: 10.1002/ejoc.202100352.                  |
|                                                                              |
|   Program citation:                                                          |
|     F. Plasser, J. Chem. Phys. (2020), 152, 084108.                          |
--------------------------------------------------------------------------------
|                    Read NICS values and prepare VIST plot                    |
================================================================================


*** WARNING: Transforming complex eigenvectors of NICS tensor
      into a real representation
NICS Tensor
[[  4.8266   0.3555  -0.    ]
 [ -0.3555   4.8266   0.    ]
 [ -0.       0.     -10.9847]]
Eigenvalues
[  4.8266+0.3555j   4.8266-0.3555j -10.9847+0.j    ]
Eigenvectors
[[0.70710678+0.j         0.70710678-0.j         0.        +0.j        ]
 [0.        +0.70710678j 0.        -0.70710678j 0.        +0.j        ]
 [0.        +0.j         0.        -0.j         1.        +0.j        ]]
Real transformation matrix
[[1. 0. 0.]
 [0. 1. 0.]
 [0. 0. 1.]]
Transformed NICS tensor (should be block-diagonal
 with real parts of EVs in diagonal)
[[  4.8266   0.3555   0.    ]
 [ -0.3555   4.8266   0.    ]
 [  0.       0.     -10.9847]]
EVs:  [  4.8266   4.8266 -10.9847] = [  4.8266   4.8266 -10.9847]
Finished parsing neutral.log
 *** Printing NICS and eigenvalues ***
P0 -> NICS value at ( 0.00000,  0.00000,  0.00000):   0.44 = (  -4.83  -4.83 +10.98 )/3
P1 -> NICS value at ( 0.00000,  0.00000,  1.00000):   0.54 = (  -4.03  -3.46  +9.12 )/3
P2 -> NICS value at ( 0.00000,  0.00000, -1.00000):   0.54 = (  -3.46  -4.03  +9.12 )/3
P3 -> NICS value at ( 1.82088,  3.27089, -0.08171):  -6.44 = (  -9.28  -7.98  -2.07 )/3
P4 -> NICS value at ( 1.48839,  2.77411, -0.88337):  -7.59 = ( -20.62  -3.03  +0.86 )/3
P5 -> NICS value at ( 2.15338,  3.76766,  0.71995):  -9.75 = ( -24.17  -3.28  -1.80 )/3
P6 -> NICS value at ( 3.48236,  0.97613, -0.11121):   4.37 = (  25.94  -4.48  -8.33 )/3
P7 -> NICS value at (-3.48236, -0.97613, -0.11121):   4.38 = (  25.94  -4.48  -8.33 )/3
Using cclib version 1.6.1
Parsing Gaussian log file neutral.log ...
Reading cclib structure with 64 atoms.
VMD input appended to VIST.vmd

*** WARNING: Transforming complex eigenvectors of NICS tensor
      into a real representation
NICS Tensor
[[ 3.9154  0.0601  0.    ]
 [-0.0601  3.9154  0.    ]
 [-0.      0.     35.7858]]
Eigenvalues
[ 3.9154+0.0601j  3.9154-0.0601j 35.7858+0.j    ]
Eigenvectors
[[0.70710678+0.j         0.70710678-0.j         0.        +0.j        ]
 [0.        +0.70710678j 0.        -0.70710678j 0.        +0.j        ]
 [0.        +0.j         0.        -0.j         1.        +0.j        ]]
Real transformation matrix
[[1. 0. 0.]
 [0. 1. 0.]
 [0. 0. 1.]]
Transformed NICS tensor (should be block-diagonal
 with real parts of EVs in diagonal)
[[ 3.9154  0.0601  0.    ]
 [-0.0601  3.9154  0.    ]
 [ 0.      0.     35.7858]]
EVs:  [ 3.9154  3.9154 35.7858] = [ 3.9154  3.9154 35.7858]
Finished parsing triplet.log
 *** Printing NICS and eigenvalues ***
P0 -> NICS value at ( 0.00000,  0.00000,  0.00000): -14.54 = (  -3.92  -3.92 -35.79 )/3
P1 -> NICS value at ( 0.00000,  0.00000,  1.00000): -13.21 = (  -3.05  -2.82 -33.77 )/3
P2 -> NICS value at ( 0.00000,  0.00000, -1.00000): -13.21 = (  -2.82  -3.05 -33.77 )/3
P3 -> NICS value at ( 1.83174,  3.30277, -0.07802):  -9.37 = ( -17.62  -7.19  -3.31 )/3
P4 -> NICS value at ( 1.59421,  2.85425, -0.93966): -16.05 = ( -38.63  -2.80  -6.73 )/3
P5 -> NICS value at ( 2.06927,  3.75129,  0.78361):  -7.64 = ( -21.47  -2.23  +0.77 )/3
P6 -> NICS value at ( 3.47022,  0.99136, -0.02323): -20.12 = ( -45.20  -4.99 -10.16 )/3
P7 -> NICS value at (-3.47022, -0.99136, -0.02323): -20.12 = ( -45.20  -4.99 -10.16 )/3
Using cclib version 1.6.1
Parsing Gaussian log file triplet.log ...
Reading cclib structure with 64 atoms.
VMD input appended to VIST.vmd

*** WARNING: Transforming complex eigenvectors of NICS tensor
      into a real representation
NICS Tensor
[[ 3.34580e+00  3.25000e-02 -0.00000e+00]
 [-3.25000e-02  3.34580e+00 -0.00000e+00]
 [-0.00000e+00 -0.00000e+00  3.86529e+01]]
Eigenvalues
[ 3.3458+0.0325j  3.3458-0.0325j 38.6529+0.j    ]
Eigenvectors
[[0.        -0.70710678j 0.        +0.70710678j 0.        +0.j        ]
 [0.70710678+0.j         0.70710678-0.j         0.        +0.j        ]
 [0.        +0.j         0.        -0.j         1.        +0.j        ]]
Real transformation matrix
[[ 0. -1.  0.]
 [ 1.  0.  0.]
 [ 0.  0.  1.]]
Transformed NICS tensor (should be block-diagonal
 with real parts of EVs in diagonal)
[[ 3.34580e+00  3.25000e-02  0.00000e+00]
 [-3.25000e-02  3.34580e+00  0.00000e+00]
 [ 0.00000e+00  0.00000e+00  3.86529e+01]]
EVs:  [ 3.3458  3.3458 38.6529] = [ 3.3458  3.3458 38.6529]
Finished parsing 2M.log
 *** Printing NICS and eigenvalues ***
P0 -> NICS value at ( 0.00000,  0.00000,  0.00000): -15.11 = (  -3.35  -3.35 -38.65 )/3
P1 -> NICS value at ( 0.00000,  0.00000,  1.00000): -13.81 = (  -2.36  -2.59 -36.47 )/3
P2 -> NICS value at ( 0.00000,  0.00000, -1.00000): -13.81 = (  -2.59  -2.36 -36.47 )/3
P3 -> NICS value at ( 1.85886,  3.35184, -0.03622):  -9.64 = (  -2.50  -8.68 -17.74 )/3
P4 -> NICS value at ( 1.64858,  2.94162, -0.92363): -15.43 = ( -38.30  -3.17  -4.83 )/3
P5 -> NICS value at ( 2.06915,  3.76206,  0.85119):  -7.23 = ( -19.18  -2.55  +0.05 )/3
P6 -> NICS value at ( 3.50806,  1.00374, -0.01757): -22.88 = ( -52.05  -6.78  -9.80 )/3
P7 -> NICS value at (-3.50806, -1.00374, -0.01757): -22.88 = ( -52.05  -6.78  -9.80 )/3
Using cclib version 1.6.1
Parsing Gaussian log file 2M.log ...
Reading cclib structure with 64 atoms.
VMD input appended to VIST.vmd

        Input file for VMD and coordinate file(s) created. Now run:
           vmd -e VIST.vmd
    
