================================================================================
|                                 TheoDORE 1.7                                 |
|         Theoretical Density, Orbital Relaxation and Exciton analysis         |
|                            Author: Felix Plasser                             |
|            Contributions by: Ljiljana Stojanovic, Gunter Hermann             |
--------------------------------------------------------------------------------
|                       References for the modules used                        |
|        (see also http://theodore-qc.sourceforge.net/literature.html)         |
|                                                                              |
|   Transition density matrix analysis:                                        |
|     F. Plasser and H. Lischka                                                |
|     J. Chem. Theory Comput. (2012), 8, 2777.                                 |
|                                                                              |
|   Transition and difference density matrix analysis:                         |
|     F. Plasser, M. Wormit, A. Dreuw                                          |
|     J. Chem. Phys. (2014), 141, 024106.                                      |
|                                                                              |
|   Exciton analysis:                                                          |
|     S. A. Baeppler, F. Plasser, M. Wormit, A. Dreuw                          |
|     Phys. Rev. A (2014), 90, 052521.                                         |
|                                                                              |
|   Approximate RMSeh/dexc formula:                                            |
|     S. A. Mewes, J.-M. Mewes, A. Dreuw, F. Plasser                           |
|     Phys. Chem. Chem. Phys. (2016), 18, 2548.                                |
|                                                                              |
|   Program citation:                                                          |
|     F. Plasser "TheoDORE 1.7: a package for theoretical density, orbital     |
|     relaxation, and exciton analysis"; available from                        |
|     http://theodore-qc.sourceforge.net                                       |
--------------------------------------------------------------------------------
|                      Transition density matrix analysis                      |
================================================================================


MO file MOLDEN/molden_mo_mc.sp parsed.
Number of atoms: 8
Number of MOs read in: 44
Dimension: 44,44,...,44
Number of basis functions parsed:  44
 ... inverting C
Reading trncils.FROMdrt1.state1TOdrt1.state2 ...
file LISTINGS/trncils.FROMdrt1.state1TOdrt1.state2, reading:
          symm-trans density matrix: diagonal part
( 6-> 7)-(5a'->6a'), val= -0.1073
( 7-> 8)-(6a'->7a'), val= -0.4574
(28->29)-(5a"->6a"), val= -0.1075
(29->30)-(6a"->7a"), val= -0.4158
reading ...
          asymm-trans density matrix: diagonal part
( 6-> 7)-(5a'->6a'), val=  0.1033
( 7-> 8)-(6a'->7a'), val= -0.4799
(28->29)-(5a"->6a"), val=  0.1032
(29->30)-(6a"->7a"), val= -0.4374
Reading trncils.FROMdrt1.state1TOdrt1.state3 ...
file LISTINGS/trncils.FROMdrt1.state1TOdrt1.state3, reading:
          symm-trans density matrix: diagonal part
reading ...
          asymm-trans density matrix: diagonal part
Reading trncils.FROMdrt1.state2TOdrt1.state3 ...
file LISTINGS/trncils.FROMdrt1.state2TOdrt1.state3, reading:
          symm-trans density matrix: diagonal part
reading ...
          asymm-trans density matrix: diagonal part

Reading structure from coor_file geom.xyz
Number of atoms: 8
Composition: C2 H4 O2 

Computation of Omega matrix ...
Computation of Omega matrix ...
Computation of Omega matrix ...

*** Electron/hole population analysis ***

Decomposition over fragments
I1.1-2
-------------------------------------------------------
       Fragment        h+        e-       sum      diff
-------------------------------------------------------
        C H2 O    0.42404   0.42404   0.84808   0.00000
        C H2 O    0.42404   0.42404   0.84808   0.00000
-------------------------------------------------------
                  0.84808   0.84808   1.69617   0.00000
-------------------------------------------------------

I1.1-3
-------------------------------------------------------
       Fragment        h+        e-       sum      diff
-------------------------------------------------------
        C H2 O    0.00000   0.00000   0.00001   0.00000
        C H2 O    0.00000   0.00000   0.00001   0.00000
-------------------------------------------------------
                  0.00001   0.00001   0.00002   0.00000
-------------------------------------------------------

I1.2-3
-------------------------------------------------------
       Fragment        h+        e-       sum      diff
-------------------------------------------------------
        C H2 O    0.00388   0.00388   0.00777   0.00000
        C H2 O    0.00388   0.00388   0.00777   0.00000
-------------------------------------------------------
                  0.00777   0.00777   0.01553   0.00000
-------------------------------------------------------

File ehFrag.txt with information about e/h populations written.

Decomposition over individual atoms
I1.1-2
----------------------------------------------
  Atom        h+        e-       sum      diff
----------------------------------------------
  C  1   0.00230   0.20544   0.20773  -0.20314
  C  2   0.00230   0.20544   0.20773  -0.20314
  O  3   0.37703   0.21847   0.59551   0.15856
  O  4   0.37703   0.21847   0.59551   0.15856
  H  5   0.02236   0.00007   0.02242   0.02229
  H  6   0.02236   0.00007   0.02242   0.02229
  H  7   0.02236   0.00007   0.02242   0.02229
  H  8   0.02236   0.00007   0.02242   0.02229
----------------------------------------------
         0.84808   0.84808   1.69617  -0.00000
----------------------------------------------

I1.1-3
----------------------------------------------
  Atom        h+        e-       sum      diff
----------------------------------------------
  C  1   0.00000   0.00000   0.00000   0.00000
  C  2   0.00000   0.00000   0.00000   0.00000
  O  3   0.00000   0.00000   0.00001  -0.00000
  O  4   0.00000   0.00000   0.00001  -0.00000
  H  5   0.00000   0.00000   0.00000  -0.00000
  H  6   0.00000   0.00000   0.00000  -0.00000
  H  7   0.00000   0.00000   0.00000  -0.00000
  H  8   0.00000   0.00000   0.00000  -0.00000
----------------------------------------------
         0.00001   0.00001   0.00002  -0.00000
----------------------------------------------

I1.2-3
----------------------------------------------
  Atom        h+        e-       sum      diff
----------------------------------------------
  C  1   0.00002   0.00295   0.00297  -0.00293
  C  2   0.00002   0.00295   0.00297  -0.00293
  O  3   0.00345   0.00093   0.00439   0.00252
  O  4   0.00345   0.00093   0.00439   0.00252
  H  5   0.00021   0.00000   0.00021   0.00021
  H  6   0.00021   0.00000   0.00021   0.00021
  H  7   0.00021   0.00000   0.00021   0.00021
  H  8   0.00021   0.00000   0.00021   0.00021
----------------------------------------------
         0.00777   0.00777   0.01553   0.00000
----------------------------------------------


state          dE(eV)       f        Om       POS        PR        CT       COH      CTnt     PRNTO     RMSeh
--------------------------------------------------------------------------------------------------------------
I1.2-3      3.179215  0.000000  0.007767  1.500000  2.000000  0.758785  1.577437  0.000000  1.273170  3.232324
I1.1-2      3.971554  0.000000  0.848083  1.500000  2.000000  0.002372  1.004756  0.000000  1.986699  0.958560
I1.1-3      7.150770  0.000000  0.000009  1.500000  2.000000  0.999636  1.000728  0.000000  2.026402  3.608757

Final output copied to tden_summ.txt.mrci
CPU time:  0.0 s, wall time: 0.1 s
