 Fermi distribution function
 
 Calculation with static geometry
 

********************************************************************************
  iSCC Total electronic   Diff electronic      SCC error    
    9   -0.24483166E+02   -0.87290175E-11    0.16591819E-05
********************************************************************************
 

 Net atomic charges (e)
  Atom       Net charge
     1       0.05112259
     2       0.05110517
     3      -0.09771320
     4      -0.09767800
     5      -0.09767653
     6      -0.09769653
     7      -0.06772256
     8      -0.06781270
     9      -0.06774647
    10      -0.06767632
    11      -0.08011076
    12      -0.08005214
    13       0.07436398
    14       0.07432956
    15       0.07434084
    16       0.07434520
    17       0.07052966
    18       0.07059820
    19       0.07055548
    20       0.07051313
    21       0.07006672
    22       0.07001470
 
 COMPONENT = q
  
 Eigenvalues /H
   -0.70830760
   -0.68595858
   -0.63618931
   -0.61234499
   -0.61234369
   -0.58885976
   -0.50485259
   -0.48853057
   -0.48852683
   -0.46235560
   -0.40328629
   -0.38797854
   -0.37520714
   -0.36505677
   -0.36505287
   -0.35297741
   -0.32990230
   -0.32989943
   -0.32706870
   -0.32316638
   -0.32315911
   -0.29539034
   -0.28224373
   -0.28223875
   -0.27028368
   -0.24539391
   -0.24327645
   -0.23613714
   -0.23613105
   -0.04907625
   -0.04550286
   -0.04323388
   -0.04321610
    0.09553747
    0.09555704
    0.32105330
    0.33291096
    0.36131182
    0.36131840
    0.37169443
    0.42953468
    0.52933557
    0.53080445
    0.54017962
    0.54019068
    0.67697700
    0.74738472
    0.76558561
    0.76569516
    0.76674188
    0.80261899
    0.82999416
    0.83007258
    0.86352613
    0.97062158
    0.97071069
    1.12350217
    1.13944173
 
 Eigenvalues /eV
  -19.27403044
  -18.66588276
  -17.31159185
  -16.66275486
  -16.66271966
  -16.02368936
  -13.73773784
  -13.29359312
  -13.29349130
  -12.58133590
  -10.97397843
  -10.55743316
  -10.20990570
   -9.93370024
   -9.93359412
   -9.60500401
   -8.97709835
   -8.97702037
   -8.89999223
   -8.79380469
   -8.79360676
   -8.03798007
   -7.68024265
   -7.68010705
   -7.35479315
   -6.67750794
   -6.61988902
   -6.42561841
   -6.42545274
   -1.33543261
   -1.23819574
   -1.17645371
   -1.17597000
    2.59970672
    2.60023934
    8.73630473
    9.05896826
    9.83179486
    9.83197390
   10.11431995
   11.68823323
   14.40395380
   14.44392392
   14.69903543
   14.69933639
   18.42148154
   20.33737300
   20.83264448
   20.83562548
   20.86410811
   21.84037398
   22.58529013
   22.58742407
   23.49774166
   26.41195697
   26.41438172
   30.57204954
   31.00578715
 
 Fillings
     2.00000
     2.00000
     2.00000
     2.00000
     2.00000
     2.00000
     2.00000
     2.00000
     2.00000
     2.00000
     2.00000
     2.00000
     2.00000
     2.00000
     2.00000
     2.00000
     2.00000
     2.00000
     2.00000
     2.00000
     2.00000
     2.00000
     2.00000
     2.00000
     2.00000
     2.00000
     2.00000
     2.00000
     2.00000
     0.00000
     0.00000
     0.00000
     0.00000
     0.00000
     0.00000
     0.00000
     0.00000
     0.00000
     0.00000
     0.00000
     0.00000
     0.00000
     0.00000
     0.00000
     0.00000
     0.00000
     0.00000
     0.00000
     0.00000
     0.00000
     0.00000
     0.00000
     0.00000
     0.00000
     0.00000
     0.00000
     0.00000
     0.00000
 
 Nr. of electrons (up):     58.00000000
 Atom populations (up)
  Atom       Population
     1       3.94887741
     2       3.94889483
     3       4.09771320
     4       4.09767800
     5       4.09767653
     6       4.09769653
     7       4.06772256
     8       4.06781270
     9       4.06774647
    10       4.06767632
    11       4.08011076
    12       4.08005214
    13       0.92563602
    14       0.92567044
    15       0.92565916
    16       0.92565480
    17       0.92947034
    18       0.92940180
    19       0.92944452
    20       0.92948687
    21       0.92993328
    22       0.92998530
 
 l-shell populations (up)
  Atom Sh.   l       Population
     1   1   0       1.17025255
     1   2   1       2.77862486
     2   1   0       1.17025321
     2   2   1       2.77864162
     3   1   0       1.22323078
     3   2   1       2.87448242
     4   1   0       1.22322336
     4   2   1       2.87445464
     5   1   0       1.22320681
     5   2   1       2.87446972
     6   1   0       1.22322083
     6   2   1       2.87447571
     7   1   0       1.22025261
     7   2   1       2.84746995
     8   1   0       1.22027387
     8   2   1       2.84753883
     9   1   0       1.22025578
     9   2   1       2.84749069
    10   1   0       1.22019750
    10   2   1       2.84747882
    11   1   0       1.21923571
    11   2   1       2.86087505
    12   1   0       1.21920710
    12   2   1       2.86084504
    13   1   0       0.92563602
    14   1   0       0.92567044
    15   1   0       0.92565916
    16   1   0       0.92565480
    17   1   0       0.92947034
    18   1   0       0.92940180
    19   1   0       0.92944452
    20   1   0       0.92948687
    21   1   0       0.92993328
    22   1   0       0.92998530
 
 Orbital populations (up)
  Atom Sh.   l   m       Population
     1   1   0   0       1.17025255
     1   2   1  -1       0.92843681
     1   2   1   0       0.94280297
     1   2   1   1       0.90738507
     2   1   0   0       1.17025321
     2   2   1  -1       0.94282743
     2   2   1   0       0.92843033
     2   2   1   1       0.90738386
     3   1   0   0       1.22323078
     3   2   1  -1       0.96331771
     3   2   1   0       0.98868566
     3   2   1   1       0.92247906
     4   1   0   0       1.22322336
     4   2   1  -1       0.98862324
     4   2   1   0       0.96336679
     4   2   1   1       0.92246462
     5   1   0   0       1.22320681
     5   2   1  -1       0.96336178
     5   2   1   0       0.98865104
     5   2   1   1       0.92245690
     6   1   0   0       1.22322083
     6   2   1  -1       0.98868807
     6   2   1   0       0.96331944
     6   2   1   1       0.92246820
     7   1   0   0       1.22025261
     7   2   1  -1       0.95385220
     7   2   1   0       0.97139140
     7   2   1   1       0.92222635
     8   1   0   0       1.22027387
     8   2   1  -1       0.97140569
     8   2   1   0       0.95389545
     8   2   1   1       0.92223769
     9   1   0   0       1.22025578
     9   2   1  -1       0.95387376
     9   2   1   0       0.97140778
     9   2   1   1       0.92220915
    10   1   0   0       1.22019750
    10   2   1  -1       0.97140849
    10   2   1   0       0.95385312
    10   2   1   1       0.92221721
    11   1   0   0       1.21923571
    11   2   1  -1       0.95246246
    11   2   1   0       0.97691971
    11   2   1   1       0.93149288
    12   1   0   0       1.21920710
    12   2   1  -1       0.97690900
    12   2   1   0       0.95244875
    12   2   1   1       0.93148729
    13   1   0   0       0.92563602
    14   1   0   0       0.92567044
    15   1   0   0       0.92565916
    16   1   0   0       0.92565480
    17   1   0   0       0.92947034
    18   1   0   0       0.92940180
    19   1   0   0       0.92944452
    20   1   0   0       0.92948687
    21   1   0   0       0.92993328
    22   1   0   0       0.92998530
 
 Fermi energy:                      -0.1346359328 H           -3.6636 eV
 Band energy:                      -23.5242389941 H         -640.1271 eV
 TS:                                 0.0000000000 H            0.0000 eV
 Band free energy (E-TS):          -23.5242389941 H         -640.1271 eV
 Extrapolated E(0K):               -23.5242389941 H         -640.1271 eV
 Input/Output electrons (q):     58.00000000     58.00000000
 
 Energy H0:                        -24.4892392162 H         -666.3861 eV
 Energy SCC:                         0.0060734714 H            0.1653 eV
 Total Electronic energy:          -24.4831657448 H         -666.2208 eV
 Repulsive energy:                   0.2118966720 H            5.7660 eV
 Dispersion energy:                  0.1087947889 H            2.9605 eV
 Total energy:                     -24.1624742840 H         -657.4944 eV
 Total Mermin free energy:         -24.1624742840 H         -657.4944 eV
 
 SCC converged
 
 Dipole moment  :   -0.00002558    0.00006590   -0.00005138 au
 Dipole moment  :   -0.00006501    0.00016751   -0.00013060 Debye
 
 
