================================================================================
|                                TheoDORE 1.7.2                                |
|         Theoretical Density, Orbital Relaxation and Exciton analysis         |
|                            Author: Felix Plasser                             |
|     Contributions by: Ljiljana Stojanovic, Gunter Hermann, Sebastian Mai     |
--------------------------------------------------------------------------------
|                       References for the modules used                        |
|        (see also http://theodore-qc.sourceforge.net/literature.html)         |
|                                                                              |
|   Transition density matrix analysis:                                        |
|     F. Plasser and H. Lischka                                                |
|     J. Chem. Theory Comput. (2012), 8, 2777.                                 |
|                                                                              |
|   Transition and difference density matrix analysis:                         |
|     F. Plasser, M. Wormit, A. Dreuw                                          |
|     J. Chem. Phys. (2014), 141, 024106.                                      |
|                                                                              |
|   Exciton analysis:                                                          |
|     S. A. Baeppler, F. Plasser, M. Wormit, A. Dreuw                          |
|     Phys. Rev. A (2014), 90, 052521.                                         |
|                                                                              |
|   Approximate RMSeh/dexc formula:                                            |
|     S. A. Mewes, J.-M. Mewes, A. Dreuw, F. Plasser                           |
|     Phys. Chem. Chem. Phys. (2016), 18, 2548.                                |
|                                                                              |
|   Electron-hole entanglement:                                                |
|     F. Plasser                                                               |
|     J. Chem. Phys. (2016), 144, 194107.                                      |
|                                                                              |
|   Program citation:                                                          |
|     F. Plasser "TheoDORE 1.7.2: a package for theoretical density, orbital   |
|     relaxation, and exciton analysis"; available from                        |
|     http://theodore-qc.sourceforge.net                                       |
--------------------------------------------------------------------------------
|                      Transition density matrix analysis                      |
================================================================================

Reading: ./triplet_B3u_1_ctnum_atomic.om ...
 All values read in
Reading: ./triplet_B3u_2_ctnum_atomic.om ...
 All values read in
Reading: ./singlet_B3u_1_ctnum_atomic.om ...
 All values read in
Reading: ./singlet_B3u_2_ctnum_atomic.om ...
 All values read in

Reading structure from coor_file qchem.mld
Number of atoms: 18
Composition: C10 H8 


*** Electron/hole population analysis ***

Decomposition over fragments
1(3)B3u
-------------------------------------------------------
       Fragment        h+        e-       sum      diff
-------------------------------------------------------
            C6    0.56381   0.56357   1.12738   0.00023
         C2 H4    0.21960   0.21971   0.43931  -0.00012
         C2 H4    0.21960   0.21971   0.43931  -0.00012
-------------------------------------------------------
                  1.00300   1.00300   2.00600   0.00000
-------------------------------------------------------

2(3)B3u
-------------------------------------------------------
       Fragment        h+        e-       sum      diff
-------------------------------------------------------
            C6    0.61423   0.61347   1.22769   0.00076
         C2 H4    0.19525   0.19563   0.39088  -0.00038
         C2 H4    0.19525   0.19563   0.39087  -0.00038
-------------------------------------------------------
                  1.00472   1.00472   2.00944  -0.00000
-------------------------------------------------------

1(1)B3u
-------------------------------------------------------
       Fragment        h+        e-       sum      diff
-------------------------------------------------------
            C6    0.61451   0.60945   1.22395   0.00506
         C2 H4    0.19451   0.19705   0.39156  -0.00253
         C2 H4    0.19451   0.19705   0.39156  -0.00253
-------------------------------------------------------
                  1.00354   1.00354   2.00708   0.00000
-------------------------------------------------------

2(1)B3u
-------------------------------------------------------
       Fragment        h+        e-       sum      diff
-------------------------------------------------------
            C6    0.61235   0.60278   1.21513   0.00957
         C2 H4    0.20280   0.20758   0.41038  -0.00479
         C2 H4    0.20280   0.20758   0.41038  -0.00479
-------------------------------------------------------
                  1.01795   1.01795   2.03590   0.00000
-------------------------------------------------------

File ehFrag.txt with information about e/h populations written.

state       dE(eV)    f     Om    POS     PR     CT    COH   CTnt  PRNTO   Z_HE  RMSeh
---------------------------------------------------------------------------------------
1(3)B3u     4.361      -  1.003  1.657  2.429  0.385  1.921  0.000  2.358  2.746  2.509
2(3)B3u     5.176      -  1.005  1.584  2.227  0.512  2.041  0.001  2.134  2.352  2.516
1(1)B3u     5.401  0.000  1.004  1.585  2.232  0.520  2.067  0.008  2.115  2.314  2.558
2(1)B3u     7.360  1.724  1.018  1.605  2.286  0.500  2.216  0.014  2.314  3.047  2.746

Final output copied to tden_summ.txt
CPU time:  0.4 s, wall time: 0.4 s
